Terminals unused in grammar

   CHAT_LITERAL
   DOUBLE_LITERAL
   FLOAT_LITERAL


Grammar

    0 $accept: program $end

    1 program: declarations

    2 $@1: %empty

    3 declarations: declaration SEMICOLON $@1 declarations
    4             | %empty

    5 declaration: INT_TYPE IDENTIFIER ASSIGN NUMBER_LITERAL
    6            | STRING_TYPE IDENTIFIER ASSIGN STRING_LITERAL
    7            | FLOAT_TYPE IDENTIFIER ASSIGN NUMBER_LITERAL
    8            | DOUBLE_TYPE IDENTIFIER ASSIGN NUMBER_LITERAL
    9            | BOOLEAN_TYPE IDENTIFIER ASSIGN BOOLEAN_LITERAL
   10            | CHAR_TYPE IDENTIFIER ASSIGN STRING_LITERAL


Terminals, with rules where they appear

$end (0) 0
error (256)
IDENTIFIER (258) 5 6 7 8 9 10
NUMBER_LITERAL (259) 5 7 8
STRING_LITERAL (260) 6 10
CHAT_LITERAL (261)
BOOLEAN_LITERAL (262) 9
INT_TYPE (263) 5
STRING_TYPE (264) 6
FLOAT_TYPE (265) 7
DOUBLE_TYPE (266) 8
BOOLEAN_TYPE (267) 9
CHAR_TYPE (268) 10
ASSIGN (269) 5 6 7 8 9 10
SEMICOLON (270) 3
DOUBLE_LITERAL (271)
FLOAT_LITERAL (272)


Nonterminals, with rules where they appear

$accept (18)
    on left: 0
program (19)
    on left: 1, on right: 0
declarations (20)
    on left: 3 4, on right: 1 3
$@1 (21)
    on left: 2, on right: 3
declaration (22)
    on left: 5 6 7 8 9 10, on right: 3


State 0

    0 $accept: . program $end

    INT_TYPE      shift, and go to state 1
    STRING_TYPE   shift, and go to state 2
    FLOAT_TYPE    shift, and go to state 3
    DOUBLE_TYPE   shift, and go to state 4
    BOOLEAN_TYPE  shift, and go to state 5
    CHAR_TYPE     shift, and go to state 6

    $default  reduce using rule 4 (declarations)

    program       go to state 7
    declarations  go to state 8
    declaration   go to state 9


State 1

    5 declaration: INT_TYPE . IDENTIFIER ASSIGN NUMBER_LITERAL

    IDENTIFIER  shift, and go to state 10


State 2

    6 declaration: STRING_TYPE . IDENTIFIER ASSIGN STRING_LITERAL

    IDENTIFIER  shift, and go to state 11


State 3

    7 declaration: FLOAT_TYPE . IDENTIFIER ASSIGN NUMBER_LITERAL

    IDENTIFIER  shift, and go to state 12


State 4

    8 declaration: DOUBLE_TYPE . IDENTIFIER ASSIGN NUMBER_LITERAL

    IDENTIFIER  shift, and go to state 13


State 5

    9 declaration: BOOLEAN_TYPE . IDENTIFIER ASSIGN BOOLEAN_LITERAL

    IDENTIFIER  shift, and go to state 14


State 6

   10 declaration: CHAR_TYPE . IDENTIFIER ASSIGN STRING_LITERAL

    IDENTIFIER  shift, and go to state 15


State 7

    0 $accept: program . $end

    $end  shift, and go to state 16


State 8

    1 program: declarations .

    $default  reduce using rule 1 (program)


State 9

    3 declarations: declaration . SEMICOLON $@1 declarations

    SEMICOLON  shift, and go to state 17


State 10

    5 declaration: INT_TYPE IDENTIFIER . ASSIGN NUMBER_LITERAL

    ASSIGN  shift, and go to state 18


State 11

    6 declaration: STRING_TYPE IDENTIFIER . ASSIGN STRING_LITERAL

    ASSIGN  shift, and go to state 19


State 12

    7 declaration: FLOAT_TYPE IDENTIFIER . ASSIGN NUMBER_LITERAL

    ASSIGN  shift, and go to state 20


State 13

    8 declaration: DOUBLE_TYPE IDENTIFIER . ASSIGN NUMBER_LITERAL

    ASSIGN  shift, and go to state 21


State 14

    9 declaration: BOOLEAN_TYPE IDENTIFIER . ASSIGN BOOLEAN_LITERAL

    ASSIGN  shift, and go to state 22


State 15

   10 declaration: CHAR_TYPE IDENTIFIER . ASSIGN STRING_LITERAL

    ASSIGN  shift, and go to state 23


State 16

    0 $accept: program $end .

    $default  accept


State 17

    3 declarations: declaration SEMICOLON . $@1 declarations

    $default  reduce using rule 2 ($@1)

    $@1  go to state 24


State 18

    5 declaration: INT_TYPE IDENTIFIER ASSIGN . NUMBER_LITERAL

    NUMBER_LITERAL  shift, and go to state 25


State 19

    6 declaration: STRING_TYPE IDENTIFIER ASSIGN . STRING_LITERAL

    STRING_LITERAL  shift, and go to state 26


State 20

    7 declaration: FLOAT_TYPE IDENTIFIER ASSIGN . NUMBER_LITERAL

    NUMBER_LITERAL  shift, and go to state 27


State 21

    8 declaration: DOUBLE_TYPE IDENTIFIER ASSIGN . NUMBER_LITERAL

    NUMBER_LITERAL  shift, and go to state 28


State 22

    9 declaration: BOOLEAN_TYPE IDENTIFIER ASSIGN . BOOLEAN_LITERAL

    BOOLEAN_LITERAL  shift, and go to state 29


State 23

   10 declaration: CHAR_TYPE IDENTIFIER ASSIGN . STRING_LITERAL

    STRING_LITERAL  shift, and go to state 30


State 24

    3 declarations: declaration SEMICOLON $@1 . declarations

    INT_TYPE      shift, and go to state 1
    STRING_TYPE   shift, and go to state 2
    FLOAT_TYPE    shift, and go to state 3
    DOUBLE_TYPE   shift, and go to state 4
    BOOLEAN_TYPE  shift, and go to state 5
    CHAR_TYPE     shift, and go to state 6

    $default  reduce using rule 4 (declarations)

    declarations  go to state 31
    declaration   go to state 9


State 25

    5 declaration: INT_TYPE IDENTIFIER ASSIGN NUMBER_LITERAL .

    $default  reduce using rule 5 (declaration)


State 26

    6 declaration: STRING_TYPE IDENTIFIER ASSIGN STRING_LITERAL .

    $default  reduce using rule 6 (declaration)


State 27

    7 declaration: FLOAT_TYPE IDENTIFIER ASSIGN NUMBER_LITERAL .

    $default  reduce using rule 7 (declaration)


State 28

    8 declaration: DOUBLE_TYPE IDENTIFIER ASSIGN NUMBER_LITERAL .

    $default  reduce using rule 8 (declaration)


State 29

    9 declaration: BOOLEAN_TYPE IDENTIFIER ASSIGN BOOLEAN_LITERAL .

    $default  reduce using rule 9 (declaration)


State 30

   10 declaration: CHAR_TYPE IDENTIFIER ASSIGN STRING_LITERAL .

    $default  reduce using rule 10 (declaration)


State 31

    3 declarations: declaration SEMICOLON $@1 declarations .

    $default  reduce using rule 3 (declarations)
